135 : 2018-10-21 15:02:18,041 : INFO : telemetry.main : Attempt start. Configuration directory [/home/anish/.azure].
135 : 2018-10-21 15:02:18,041 : INFO : telemetry.check : Positive: The /home/anish/.azure/telemetry.txt does not exist.
135 : 2018-10-21 15:02:18,041 : DEBUG : telemetry.note : acquiring lock
135 : 2018-10-21 15:02:18,042 : DEBUG : telemetry.note : acquired lock
135 : 2018-10-21 15:02:18,042 : INFO : telemetry.note : Update the note mtime to 2018-10-21 15:02:18.042173
135 : 2018-10-21 15:02:18,042 : WARNING : telemetry.note : Fail to parse or read the timestamp 'N/A' in the note file. Set the last send time to minimal. Reason: not readable
135 : 2018-10-21 15:02:18,042 : INFO : telemetry.records : No cache to be uploaded.
135 : 2018-10-21 15:02:18,042 : INFO : telemetry.client : Accumulated 0 events. Flush the clients.
135 : 2018-10-21 15:02:18,042 : INFO : telemetry.note : Update the last send in note to 0001-01-01 00:00:00
135 : 2018-10-21 15:02:18,042 : INFO : telemetry.note : Update the note mtime to 2018-10-21 15:02:18.042930
124 : 2018-10-21 15:53:40,700 : INFO : telemetry.main : Attempt start. Configuration directory [/home/anish/.azure].
124 : 2018-10-21 15:53:40,702 : INFO : telemetry.check : Returns Positive.
124 : 2018-10-21 15:53:40,702 : DEBUG : telemetry.note : acquiring lock
124 : 2018-10-21 15:53:40,703 : DEBUG : telemetry.note : acquired lock
124 : 2018-10-21 15:53:40,703 : INFO : telemetry.note : Update the note mtime to 2018-10-21 15:53:40.703269
124 : 2018-10-21 15:53:40,709 : WARNING : telemetry.note : Fail to parse or read the timestamp '1-01-01T00:00:00' in the note file. Set the last send time to minimal. Reason: time data '1-01-01T00:00:00' does not match format '%Y-%m-%dT%H:%M:%S'
124 : 2018-10-21 15:53:40,709 : INFO : telemetry.records : No cache to be uploaded.
124 : 2018-10-21 15:53:40,709 : INFO : telemetry.client : Accumulated 0 events. Flush the clients.
124 : 2018-10-21 15:53:40,709 : INFO : telemetry.note : Update the last send in note to 0001-01-01 00:00:00
124 : 2018-10-21 15:53:40,709 : INFO : telemetry.note : Update the note mtime to 2018-10-21 15:53:40.709671
122 : 2018-10-21 17:18:02,300 : INFO : telemetry.main : Attempt start. Configuration directory [/home/anish/.azure].
122 : 2018-10-21 17:18:02,303 : INFO : telemetry.check : Returns Positive.
122 : 2018-10-21 17:18:02,303 : DEBUG : telemetry.note : acquiring lock
122 : 2018-10-21 17:18:02,304 : DEBUG : telemetry.note : acquired lock
122 : 2018-10-21 17:18:02,304 : INFO : telemetry.note : Update the note mtime to 2018-10-21 17:18:02.304143
122 : 2018-10-21 17:18:02,310 : WARNING : telemetry.note : Fail to parse or read the timestamp '1-01-01T00:00:00' in the note file. Set the last send time to minimal. Reason: time data '1-01-01T00:00:00' does not match format '%Y-%m-%dT%H:%M:%S'
122 : 2018-10-21 17:18:02,311 : INFO : telemetry.records : No cache to be uploaded.
122 : 2018-10-21 17:18:02,311 : INFO : telemetry.client : Accumulated 0 events. Flush the clients.
122 : 2018-10-21 17:18:02,311 : INFO : telemetry.note : Update the last send in note to 0001-01-01 00:00:00
122 : 2018-10-21 17:18:02,311 : INFO : telemetry.note : Update the note mtime to 2018-10-21 17:18:02.311622
123 : 2018-10-21 18:04:37,725 : INFO : telemetry.main : Attempt start. Configuration directory [/home/anish/.azure].
123 : 2018-10-21 18:04:37,728 : INFO : telemetry.check : Returns Positive.
123 : 2018-10-21 18:04:37,728 : DEBUG : telemetry.note : acquiring lock
123 : 2018-10-21 18:04:37,728 : DEBUG : telemetry.note : acquired lock
123 : 2018-10-21 18:04:37,728 : INFO : telemetry.note : Update the note mtime to 2018-10-21 18:04:37.728915
123 : 2018-10-21 18:04:37,736 : WARNING : telemetry.note : Fail to parse or read the timestamp '1-01-01T00:00:00' in the note file. Set the last send time to minimal. Reason: time data '1-01-01T00:00:00' does not match format '%Y-%m-%dT%H:%M:%S'
123 : 2018-10-21 18:04:37,736 : INFO : telemetry.records : No cache to be uploaded.
123 : 2018-10-21 18:04:37,736 : INFO : telemetry.client : Accumulated 0 events. Flush the clients.
123 : 2018-10-21 18:04:37,737 : INFO : telemetry.note : Update the last send in note to 0001-01-01 00:00:00
123 : 2018-10-21 18:04:37,737 : INFO : telemetry.note : Update the note mtime to 2018-10-21 18:04:37.737479
